d:\gameuit\9.1 - state machine, player, bot\directxgame\demodirectx\debug\vc141.pdb
d:\gameuit\9.1 - state machine, player, bot\directxgame\demodirectx\debug\vc141.idb
d:\gameuit\9.1 - state machine, player, bot\directxgame\demodirectx\debug\base64.obj
d:\gameuit\9.1 - state machine, player, bot\directxgame\demodirectx\debug\tinyxml2.obj
d:\gameuit\9.1 - state machine, player, bot\directxgame\demodirectx\debug\tmxellipse.obj
d:\gameuit\9.1 - state machine, player, bot\directxgame\demodirectx\debug\tmximage.obj
d:\gameuit\9.1 - state machine, player, bot\directxgame\demodirectx\debug\tmximagelayer.obj
d:\gameuit\9.1 - state machine, player, bot\directxgame\demodirectx\debug\tmxlayer.obj
d:\gameuit\9.1 - state machine, player, bot\directxgame\demodirectx\debug\tmxmap.obj
d:\gameuit\9.1 - state machine, player, bot\directxgame\demodirectx\debug\tmxobject.obj
d:\gameuit\9.1 - state machine, player, bot\directxgame\demodirectx\debug\tmxobjectgroup.obj
d:\gameuit\9.1 - state machine, player, bot\directxgame\demodirectx\debug\tmxpolygon.obj
d:\gameuit\9.1 - state machine, player, bot\directxgame\demodirectx\debug\tmxpolyline.obj
d:\gameuit\9.1 - state machine, player, bot\directxgame\demodirectx\debug\tmxpropertyset.obj
d:\gameuit\9.1 - state machine, player, bot\directxgame\demodirectx\debug\tmxterrain.obj
d:\gameuit\9.1 - state machine, player, bot\directxgame\demodirectx\debug\tmxterrainarray.obj
d:\gameuit\9.1 - state machine, player, bot\directxgame\demodirectx\debug\tmxtile.obj
d:\gameuit\9.1 - state machine, player, bot\directxgame\demodirectx\debug\tmxtilelayer.obj
d:\gameuit\9.1 - state machine, player, bot\directxgame\demodirectx\debug\tmxtileoffset.obj
d:\gameuit\9.1 - state machine, player, bot\directxgame\demodirectx\debug\tmxtileset.obj
d:\gameuit\9.1 - state machine, player, bot\directxgame\demodirectx\debug\tmxutil.obj
d:\gameuit\9.1 - state machine, player, bot\directxgame\demodirectx\debug\appleobject.obj
d:\gameuit\9.1 - state machine, player, bot\directxgame\demodirectx\debug\camel.obj
d:\gameuit\9.1 - state machine, player, bot\directxgame\demodirectx\debug\simpleobject.obj
d:\gameuit\9.1 - state machine, player, bot\directxgame\demodirectx\debug\playerdata.obj
d:\gameuit\9.1 - state machine, player, bot\directxgame\demodirectx\debug\playerstate.obj
d:\gameuit\9.1 - state machine, player, bot\directxgame\demodirectx\debug\main.obj
d:\gameuit\9.1 - state machine, player, bot\directxgame\demodirectx\debug\animation.obj
d:\gameuit\9.1 - state machine, player, bot\directxgame\demodirectx\debug\camera.obj
d:\gameuit\9.1 - state machine, player, bot\directxgame\demodirectx\debug\gamecollision.obj
d:\gameuit\9.1 - state machine, player, bot\directxgame\demodirectx\debug\gameglobal.obj
d:\gameuit\9.1 - state machine, player, bot\directxgame\demodirectx\debug\gamemap.obj
d:\gameuit\9.1 - state machine, player, bot\directxgame\demodirectx\debug\gametime.obj
d:\gameuit\9.1 - state machine, player, bot\directxgame\demodirectx\debug\quadtree.obj
d:\gameuit\9.1 - state machine, player, bot\directxgame\demodirectx\debug\scene.obj
d:\gameuit\9.1 - state machine, player, bot\directxgame\demodirectx\debug\sprite.obj
d:\gameuit\9.1 - state machine, player, bot\directxgame\demodirectx\debug\ui.obj
d:\gameuit\9.1 - state machine, player, bot\directxgame\demodirectx\debug\scenemanager.obj
d:\gameuit\9.1 - state machine, player, bot\directxgame\demodirectx\debug\apple.obj
d:\gameuit\9.1 - state machine, player, bot\directxgame\demodirectx\debug\applebreakstate.obj
d:\gameuit\9.1 - state machine, player, bot\directxgame\demodirectx\debug\appleflystate.obj
d:\gameuit\9.1 - state machine, player, bot\directxgame\demodirectx\debug\applestate.obj
d:\gameuit\9.1 - state machine, player, bot\directxgame\demodirectx\debug\entity.obj
d:\gameuit\9.1 - state machine, player, bot\directxgame\demodirectx\debug\manthrowbowl.obj
d:\gameuit\9.1 - state machine, player, bot\directxgame\demodirectx\debug\player.obj
d:\gameuit\9.1 - state machine, player, bot\directxgame\demodirectx\debug\playerclimbstate.obj
d:\gameuit\9.1 - state machine, player, bot\directxgame\demodirectx\debug\playerfallingstate.obj
d:\gameuit\9.1 - state machine, player, bot\directxgame\demodirectx\debug\playerfiredstate.obj
d:\gameuit\9.1 - state machine, player, bot\directxgame\demodirectx\debug\playerjumpingstate.obj
d:\gameuit\9.1 - state machine, player, bot\directxgame\demodirectx\debug\playerrunningstate.obj
d:\gameuit\9.1 - state machine, player, bot\directxgame\demodirectx\debug\game.obj
d:\gameuit\9.1 - state machine, player, bot\directxgame\demodirectx\debug\playerfighting.obj
d:\gameuit\9.1 - state machine, player, bot\directxgame\demodirectx\debug\playerjumpthrow.obj
d:\gameuit\9.1 - state machine, player, bot\directxgame\demodirectx\debug\playersit.obj
d:\gameuit\9.1 - state machine, player, bot\directxgame\demodirectx\debug\playersitfight.obj
d:\gameuit\9.1 - state machine, player, bot\directxgame\demodirectx\debug\playersitthrow.obj
d:\gameuit\9.1 - state machine, player, bot\directxgame\demodirectx\debug\playerstandingstate.obj
d:\gameuit\9.1 - state machine, player, bot\directxgame\demodirectx\debug\playerthrowapplestate.obj
d:\gameuit\9.1 - state machine, player, bot\directxgame\demodirectx\debug\demoscene.obj
d:\gameuit\9.1 - state machine, player, bot\directxgame\demodirectx\debug\miniz.obj
d:\gameuit\9.1 - state machine, player, bot\directxgame\demodirectx\debug\dropbrick.obj
d:\gameuit\9.1 - state machine, player, bot\directxgame\demodirectx\debug\enemy1.obj
d:\gameuit\9.1 - state machine, player, bot\directxgame\demodirectx\debug\enemy1data.obj
d:\gameuit\9.1 - state machine, player, bot\directxgame\demodirectx\debug\enemy1state.obj
d:\gameuit\9.1 - state machine, player, bot\directxgame\demodirectx\debug\enemy1attacked.obj
d:\gameuit\9.1 - state machine, player, bot\directxgame\demodirectx\debug\enemy1fighting.obj
d:\gameuit\9.1 - state machine, player, bot\directxgame\demodirectx\debug\enemy1running.obj
d:\gameuit\9.1 - state machine, player, bot\directxgame\debug\demodirectx.exe
d:\gameuit\9.1 - state machine, player, bot\directxgame\debug\demodirectx.ilk
d:\gameuit\9.1 - state machine, player, bot\directxgame\debug\demodirectx.pdb
d:\gameuit\9.1 - state machine, player, bot\directxgame\demodirectx\debug\demodirectx.res
d:\gameuit\9.1 - state machine, player, bot\directxgame\demodirectx\debug\demodirectx.tlog\cl.command.1.tlog
d:\gameuit\9.1 - state machine, player, bot\directxgame\demodirectx\debug\demodirectx.tlog\cl.read.1.tlog
d:\gameuit\9.1 - state machine, player, bot\directxgame\demodirectx\debug\demodirectx.tlog\cl.write.1.tlog
d:\gameuit\9.1 - state machine, player, bot\directxgame\demodirectx\debug\demodirectx.tlog\link.command.1.tlog
d:\gameuit\9.1 - state machine, player, bot\directxgame\demodirectx\debug\demodirectx.tlog\link.read.1.tlog
d:\gameuit\9.1 - state machine, player, bot\directxgame\demodirectx\debug\demodirectx.tlog\link.write.1.tlog
d:\gameuit\9.1 - state machine, player, bot\directxgame\demodirectx\debug\demodirectx.tlog\rc.command.1.tlog
d:\gameuit\9.1 - state machine, player, bot\directxgame\demodirectx\debug\demodirectx.tlog\rc.read.1.tlog
d:\gameuit\9.1 - state machine, player, bot\directxgame\demodirectx\debug\demodirectx.tlog\rc.write.1.tlog
